<?xml version="1.0" encoding="UTF-8"?>
<testsuite name="EdgeConnectorTest" tests="13" skipped="0" failures="0" errors="0" timestamp="2020-10-04T19:25:59" hostname="c6ec85f6579d" time="0.077">
  <properties/>
  <testcase name="testGetEndPoint1" classname="EdgeConnectorTest" time="0.009"/>
  <testcase name="testGetEndPoint2" classname="EdgeConnectorTest" time="0.001"/>
  <testcase name="testGetEndStyle1" classname="EdgeConnectorTest" time="0.002"/>
  <testcase name="testGetEndStyle2" classname="EdgeConnectorTest" time="0.001"/>
  <testcase name="testGetNumConnector" classname="EdgeConnectorTest" time="0.001"/>
  <testcase name="testGetIsEP1Field" classname="EdgeConnectorTest" time="0.002"/>
  <testcase name="testGetIsEP1Table" classname="EdgeConnectorTest" time="0.001"/>
  <testcase name="testGetIsEP2Field" classname="EdgeConnectorTest" time="0.002"/>
  <testcase name="testGetIsEP2Table" classname="EdgeConnectorTest" time="0.002"/>
  <testcase name="testSetIsEP1Field" classname="EdgeConnectorTest" time="0.001"/>
  <testcase name="testSetIsEP1Table" classname="EdgeConnectorTest" time="0.0"/>
  <testcase name="testSetIsEP2Field" classname="EdgeConnectorTest" time="0.001"/>
  <testcase name="testSetIsEP2Table" classname="EdgeConnectorTest" time="0.004"/>
  <system-out><![CDATA[]]></system-out>
  <system-err><![CDATA[]]></system-err>
</testsuite>
